<?xml version="1.0" encoding="UTF-8"?>
<!-- Generated by org.testng.reporters.JUnitReportReporter -->
<testsuite hostname="DESKTOP-V02A6G1" failures="0" tests="1" name="basicweb.test" time="2.861" errors="0" timestamp="2023-01-05T12:16:50 CET" skipped="0">
  <testcase classname="basicweb.test" name="test1" time="2.861"/>
  <system-out/>
</testsuite> <!-- basicweb.test -->
